<?xml version="1.0" encoding="UTF-8"?>
<testsuite name="chinese.DeckStylerTest" tests="3" skipped="0" failures="0" errors="0" timestamp="2026-04-04T16:14:25" hostname="fedora" time="0.002">
  <properties/>
  <testcase name="correctStylingTestWithSimpAndTrad()" classname="chinese.DeckStylerTest" time="0.001"/>
  <testcase name="correctStylingTest()" classname="chinese.DeckStylerTest" time="0.0"/>
  <testcase name="correctStylingTestWithTrad()" classname="chinese.DeckStylerTest" time="0.001"/>
  <system-out><![CDATA[]]></system-out>
  <system-err><![CDATA[]]></system-err>
</testsuite>
