<?xml version="1.0" encoding="UTF-8"?>
<testsuite name="chinese.ChineseWordFinderTest" tests="6" skipped="0" failures="0" errors="0" timestamp="2026-04-04T13:06:15" hostname="fedora" time="0.005">
  <properties/>
  <testcase name="defaultStrategyReturnsTrigramAndBigrams()" classname="chinese.ChineseWordFinderTest" time="0.002"/>
  <testcase name="allCombinationsTest()" classname="chinese.ChineseWordFinderTest" time="0.001"/>
  <testcase name="defaultStrategyReturnsMonogramPlusBigram()" classname="chinese.ChineseWordFinderTest" time="0.0"/>
  <testcase name="defaultStrategyReturnsBigramPlusMonogram()" classname="chinese.ChineseWordFinderTest" time="0.001"/>
  <testcase name="triBiMonogramsStrategyReturnsTrigramAndNoBigrams()" classname="chinese.ChineseWordFinderTest" time="0.0"/>
  <testcase name="singleCharOnlyTest()" classname="chinese.ChineseWordFinderTest" time="0.001"/>
  <system-out><![CDATA[14:06:15.354 [Test worker] INFO hanziToAnki.chinese.ChineseDictionaryExtractor -- Successfully loaded dictionary with 111506 simplified and 112632 traditional words
]]></system-out>
  <system-err><![CDATA[]]></system-err>
</testsuite>
