<?xml version="1.0" encoding="UTF-8"?>
<testsuite name="chinese.GraderTest" tests="1" skipped="0" failures="0" errors="0" timestamp="2026-04-04T13:06:15" hostname="fedora" time="0.011">
  <properties/>
  <testcase name="getAccumulativeHskVocabularyTest()" classname="chinese.GraderTest" time="0.011"/>
  <system-out><![CDATA[14:06:15.940 [Test worker] INFO hanziToAnki.chinese.ChineseDictionaryExtractor -- Successfully loaded dictionary with 111506 simplified and 112632 traditional words
]]></system-out>
  <system-err><![CDATA[]]></system-err>
</testsuite>
