<?xml version="1.0" encoding="UTF-8"?>
<testsuite name="chinese.DictionaryExtractorTest" tests="2" skipped="0" failures="0" errors="0" timestamp="2026-04-04T13:06:15" hostname="fedora" time="0.39">
  <properties/>
  <testcase name="canExtractSomeWord()" classname="chinese.DictionaryExtractorTest" time="0.187"/>
  <testcase name="canExtractErHuaTest()" classname="chinese.DictionaryExtractorTest" time="0.203"/>
  <system-out><![CDATA[14:06:15.551 [Test worker] INFO hanziToAnki.chinese.ChineseDictionaryExtractor -- Successfully loaded dictionary with 111506 simplified and 112632 traditional words
14:06:15.754 [Test worker] INFO hanziToAnki.chinese.ChineseDictionaryExtractor -- Successfully loaded dictionary with 111506 simplified and 112632 traditional words
]]></system-out>
  <system-err><![CDATA[]]></system-err>
</testsuite>
